This file contains any messages produced by compilers while
running configure, to aid debugging if configure makes a mistake.

It was created by ocelot configure 1.0, which was
generated by GNU Autoconf 2.69.  Invocation command line was

  $ ./configure --with-boost-libdir=/usr/lib/x86_64-linux-gnu/ --with-ev-lib=/usr/lib/x86_64-linux-gnu/ --with-mysql-lib=/usr/lib/x86_64-linux-gnu/ --no-create --no-recursion

## --------- ##
## Platform. ##
## --------- ##

hostname = u-232.dev
uname -m = x86_64
uname -r = 4.15.0-22-generic
uname -s = Linux
uname -v = #24-Ubuntu SMP Wed May 16 12:15:17 UTC 2018

/usr/bin/uname -p = unknown
/bin/uname -X     = unknown

/bin/arch              = unknown
/usr/bin/arch -k       = unknown
/usr/convex/getsysinfo = unknown
/usr/bin/hostinfo      = unknown
/bin/machine           = unknown
/usr/bin/oslevel       = unknown
/bin/universe          = unknown

PATH: /usr/local/sbin
PATH: /usr/local/bin
PATH: /usr/sbin
PATH: /usr/bin
PATH: /sbin
PATH: /bin
PATH: /usr/games
PATH: /usr/local/games


## ----------- ##
## Core tests. ##
## ----------- ##

configure:2297: checking for a BSD-compatible install
configure:2365: result: /usr/bin/install -c
configure:2376: checking whether build environment is sane
configure:2431: result: yes
configure:2582: checking for a thread-safe mkdir -p
configure:2621: result: /bin/mkdir -p
configure:2628: checking for gawk
configure:2644: found /usr/bin/gawk
configure:2655: result: gawk
configure:2666: checking whether make sets $(MAKE)
configure:2688: result: yes
configure:2717: checking whether make supports nested variables
configure:2734: result: yes
configure:2909: checking for g++
configure:2925: found /usr/bin/g++
configure:2936: result: g++
configure:2963: checking for C++ compiler version
configure:2972: g++ --version >&5
g++ (Ubuntu 7.4.0-1ubuntu1~18.04.1) 7.4.0
Copyright (C) 2017 Free Software Foundation, Inc.
This is free software; see the source for copying conditions.  There is NO
warranty; not even for MERCHANTABILITY or FITNESS FOR A PARTICULAR PURPOSE.

configure:2983: $? = 0
configure:2972: g++ -v >&5
Using built-in specs.
COLLECT_GCC=g++
COLLECT_LTO_WRAPPER=/usr/lib/gcc/x86_64-linux-gnu/7/lto-wrapper
OFFLOAD_TARGET_NAMES=nvptx-none
OFFLOAD_TARGET_DEFAULT=1
Target: x86_64-linux-gnu
Configured with: ../src/configure -v --with-pkgversion='Ubuntu 7.4.0-1ubuntu1~18.04.1' --with-bugurl=file:///usr/share/doc/gcc-7/README.Bugs --enable-languages=c,ada,c++,go,brig,d,fortran,objc,obj-c++ --prefix=/usr --with-gcc-major-version-only --program-suffix=-7 --program-prefix=x86_64-linux-gnu- --enable-shared --enable-linker-build-id --libexecdir=/usr/lib --without-included-gettext --enable-threads=posix --libdir=/usr/lib --enable-nls --with-sysroot=/ --enable-clocale=gnu --enable-libstdcxx-debug --enable-libstdcxx-time=yes --with-default-libstdcxx-abi=new --enable-gnu-unique-object --disable-vtable-verify --enable-libmpx --enable-plugin --enable-default-pie --with-system-zlib --with-target-system-zlib --enable-objc-gc=auto --enable-multiarch --disable-werror --with-arch-32=i686 --with-abi=m64 --with-multilib-list=m32,m64,mx32 --enable-multilib --with-tune=generic --enable-offload-targets=nvptx-none --without-cuda-driver --enable-checking=release --build=x86_64-linux-gnu --host=x86_64-linux-gnu --target=x86_64-linux-gnu
Thread model: posix
gcc version 7.4.0 (Ubuntu 7.4.0-1ubuntu1~18.04.1) 
configure:2983: $? = 0
configure:2972: g++ -V >&5
g++: error: unrecognized command line option '-V'
g++: fatal error: no input files
compilation terminated.
configure:2983: $? = 1
configure:2972: g++ -qversion >&5
g++: error: unrecognized command line option '-qversion'; did you mean '--version'?
g++: fatal error: no input files
compilation terminated.
configure:2983: $? = 1
configure:3003: checking whether the C++ compiler works
configure:3025: g++    conftest.cpp  >&5
configure:3029: $? = 0
configure:3077: result: yes
configure:3080: checking for C++ compiler default output file name
configure:3082: result: a.out
configure:3088: checking for suffix of executables
configure:3095: g++ -o conftest    conftest.cpp  >&5
configure:3099: $? = 0
configure:3121: result: 
configure:3143: checking whether we are cross compiling
configure:3151: g++ -o conftest    conftest.cpp  >&5
configure:3155: $? = 0
configure:3162: ./conftest
configure:3166: $? = 0
configure:3181: result: no
configure:3186: checking for suffix of object files
configure:3208: g++ -c   conftest.cpp >&5
configure:3212: $? = 0
configure:3233: result: o
configure:3237: checking whether we are using the GNU C++ compiler
configure:3256: g++ -c   conftest.cpp >&5
configure:3256: $? = 0
configure:3265: result: yes
configure:3274: checking whether g++ accepts -g
configure:3294: g++ -c -g  conftest.cpp >&5
configure:3294: $? = 0
configure:3335: result: yes
configure:3369: checking for style of include used by make
configure:3397: result: GNU
configure:3423: checking dependency style of g++
configure:3534: result: gcc3
configure:3558: checking whether C++ compiler accepts -std=c++11
configure:3577: g++ -c -g -O2  -std=c++11  conftest.cpp >&5
configure:3577: $? = 0
configure:3585: result: yes
configure:3593: checking whether C++ compiler accepts -fstack-protector-strong
configure:3612: g++ -c -g -O2  -fstack-protector-strong  conftest.cpp >&5
configure:3612: $? = 0
configure:3620: result: yes
configure:3682: checking for boostlib >= 1.37
configure:3751: g++ -c -fstack-protector-strong -g -O2  -I/usr/include conftest.cpp >&5
configure:3751: $? = 0
configure:3753: result: yes
configure:3947: checking for gcc
configure:3963: found /usr/bin/gcc
configure:3974: result: gcc
configure:4203: checking for C compiler version
configure:4212: gcc --version >&5
gcc (Ubuntu 7.4.0-1ubuntu1~18.04.1) 7.4.0
Copyright (C) 2017 Free Software Foundation, Inc.
This is free software; see the source for copying conditions.  There is NO
warranty; not even for MERCHANTABILITY or FITNESS FOR A PARTICULAR PURPOSE.

configure:4223: $? = 0
configure:4212: gcc -v >&5
Using built-in specs.
COLLECT_GCC=gcc
COLLECT_LTO_WRAPPER=/usr/lib/gcc/x86_64-linux-gnu/7/lto-wrapper
OFFLOAD_TARGET_NAMES=nvptx-none
OFFLOAD_TARGET_DEFAULT=1
Target: x86_64-linux-gnu
Configured with: ../src/configure -v --with-pkgversion='Ubuntu 7.4.0-1ubuntu1~18.04.1' --with-bugurl=file:///usr/share/doc/gcc-7/README.Bugs --enable-languages=c,ada,c++,go,brig,d,fortran,objc,obj-c++ --prefix=/usr --with-gcc-major-version-only --program-suffix=-7 --program-prefix=x86_64-linux-gnu- --enable-shared --enable-linker-build-id --libexecdir=/usr/lib --without-included-gettext --enable-threads=posix --libdir=/usr/lib --enable-nls --with-sysroot=/ --enable-clocale=gnu --enable-libstdcxx-debug --enable-libstdcxx-time=yes --with-default-libstdcxx-abi=new --enable-gnu-unique-object --disable-vtable-verify --enable-libmpx --enable-plugin --enable-default-pie --with-system-zlib --with-target-system-zlib --enable-objc-gc=auto --enable-multiarch --disable-werror --with-arch-32=i686 --with-abi=m64 --with-multilib-list=m32,m64,mx32 --enable-multilib --with-tune=generic --enable-offload-targets=nvptx-none --without-cuda-driver --enable-checking=release --build=x86_64-linux-gnu --host=x86_64-linux-gnu --target=x86_64-linux-gnu
Thread model: posix
gcc version 7.4.0 (Ubuntu 7.4.0-1ubuntu1~18.04.1) 
configure:4223: $? = 0
configure:4212: gcc -V >&5
gcc: error: unrecognized command line option '-V'
gcc: fatal error: no input files
compilation terminated.
configure:4223: $? = 1
configure:4212: gcc -qversion >&5
gcc: error: unrecognized command line option '-qversion'; did you mean '--version'?
gcc: fatal error: no input files
compilation terminated.
configure:4223: $? = 1
configure:4227: checking whether we are using the GNU C compiler
configure:4246: gcc -c   conftest.c >&5
configure:4246: $? = 0
configure:4255: result: yes
configure:4264: checking whether gcc accepts -g
configure:4284: gcc -c -g  conftest.c >&5
configure:4284: $? = 0
configure:4325: result: yes
configure:4342: checking for gcc option to accept ISO C89
configure:4405: gcc  -c -g -O2  conftest.c >&5
configure:4405: $? = 0
configure:4418: result: none needed
configure:4443: checking whether gcc understands -c and -o together
configure:4465: gcc -c conftest.c -o conftest2.o
configure:4468: $? = 0
configure:4465: gcc -c conftest.c -o conftest2.o
configure:4468: $? = 0
configure:4480: result: yes
configure:4499: checking dependency style of gcc
configure:4610: result: gcc3
configure:4657: checking whether the Boost::IOStreams library is available
configure:4685: g++ -c -fstack-protector-strong -g -O2  -I/usr/include conftest.cpp >&5
configure:4685: $? = 0
configure:4699: result: yes
configure:4710: checking for exit in -lboost_iostreams
configure:4735: gcc -o conftest -g -O2  -I/usr/include  -L/usr/lib/x86_64-linux-gnu/ conftest.c -lboost_iostreams   >&5
conftest.c:18:6: warning: conflicting types for built-in function 'exit' [-Wbuiltin-declaration-mismatch]
 char exit ();
      ^~~~
configure:4735: $? = 0
configure:4745: result: yes
configure:4863: checking build system type
configure:4877: result: x86_64-unknown-linux-gnu
configure:4929: checking whether the Boost::System library is available
configure:4953: g++ -c -fstack-protector-strong -g -O2  -I/usr/include conftest.cpp >&5
configure:4953: $? = 0
configure:4968: result: yes
configure:4983: checking for exit in -lboost_system
configure:5008: gcc -o conftest -g -O2  -I/usr/include  -L/usr/lib/x86_64-linux-gnu/ conftest.c -lboost_system   >&5
conftest.c:19:6: warning: conflicting types for built-in function 'exit' [-Wbuiltin-declaration-mismatch]
 char exit ();
      ^~~~
configure:5008: $? = 0
configure:5018: result: yes
configure:5138: checking host system type
configure:5151: result: x86_64-unknown-linux-gnu
configure:5283: checking if compiler needs -Werror to reject unknown flags
configure:5299: gcc -c -g -O2 -Werror -Wunknown-warning-option -Wsizeof-array-argument  conftest.c >&5
gcc: error: unrecognized command line option '-Wunknown-warning-option'
configure:5299: $? = 1
configure: failed program was:
| /* confdefs.h */
| #define PACKAGE_NAME "ocelot"
| #define PACKAGE_TARNAME "ocelot"
| #define PACKAGE_VERSION "1.0"
| #define PACKAGE_STRING "ocelot 1.0"
| #define PACKAGE_BUGREPORT ""
| #define PACKAGE_URL ""
| #define HAVE_BOOST /**/
| #define HAVE_BOOST_IOSTREAMS /**/
| #define HAVE_BOOST_SYSTEM /**/
| /* end confdefs.h.  */
| int foo(void);
| int
| main ()
| {
| foo()
|   ;
|   return 0;
| }
configure:5304: result: no
configure:5370: checking for the pthreads library -lpthreads
configure:5408: gcc -o conftest -g -O2     conftest.c -lpthreads  >&5
/usr/bin/ld: cannot find -lpthreads
collect2: error: ld returned 1 exit status
configure:5408: $? = 1
configure: failed program was:
| /* confdefs.h */
| #define PACKAGE_NAME "ocelot"
| #define PACKAGE_TARNAME "ocelot"
| #define PACKAGE_VERSION "1.0"
| #define PACKAGE_STRING "ocelot 1.0"
| #define PACKAGE_BUGREPORT ""
| #define PACKAGE_URL ""
| #define HAVE_BOOST /**/
| #define HAVE_BOOST_IOSTREAMS /**/
| #define HAVE_BOOST_SYSTEM /**/
| /* end confdefs.h.  */
| #include <pthread.h>
|                         static void routine(void *a) { a = 0; }
|                         static void *start_routine(void *a) { return a; }
| int
| main ()
| {
| pthread_t th; pthread_attr_t attr;
|                         pthread_create(&th, 0, start_routine, 0);
|                         pthread_join(th, 0);
|                         pthread_attr_init(&attr);
|                         pthread_cleanup_push(routine, 0);
|                         pthread_cleanup_pop(0) /* ; */
|   ;
|   return 0;
| }
configure:5417: result: no
configure:5315: checking whether pthreads work without any flags
configure:5408: gcc -o conftest -g -O2     conftest.c   >&5
/tmp/cceJfbY8.o: In function `main':
/var/www/ocelot/newest/conftest.c:19: undefined reference to `pthread_create'
/var/www/ocelot/newest/conftest.c:20: undefined reference to `pthread_join'
/var/www/ocelot/newest/conftest.c:22: undefined reference to `__pthread_register_cancel'
/var/www/ocelot/newest/conftest.c:23: undefined reference to `__pthread_unregister_cancel'
collect2: error: ld returned 1 exit status
configure:5408: $? = 1
configure: failed program was:
| /* confdefs.h */
| #define PACKAGE_NAME "ocelot"
| #define PACKAGE_TARNAME "ocelot"
| #define PACKAGE_VERSION "1.0"
| #define PACKAGE_STRING "ocelot 1.0"
| #define PACKAGE_BUGREPORT ""
| #define PACKAGE_URL ""
| #define HAVE_BOOST /**/
| #define HAVE_BOOST_IOSTREAMS /**/
| #define HAVE_BOOST_SYSTEM /**/
| /* end confdefs.h.  */
| #include <pthread.h>
|                         static void routine(void *a) { a = 0; }
|                         static void *start_routine(void *a) { return a; }
| int
| main ()
| {
| pthread_t th; pthread_attr_t attr;
|                         pthread_create(&th, 0, start_routine, 0);
|                         pthread_join(th, 0);
|                         pthread_attr_init(&attr);
|                         pthread_cleanup_push(routine, 0);
|                         pthread_cleanup_pop(0) /* ; */
|   ;
|   return 0;
| }
configure:5417: result: no
configure:5320: checking whether pthreads work with -Kthread
configure:5408: gcc -o conftest -g -O2 -Kthread    conftest.c   >&5
gcc: error: unrecognized command line option '-Kthread'; did you mean '-pthread'?
configure:5408: $? = 1
configure: failed program was:
| /* confdefs.h */
| #define PACKAGE_NAME "ocelot"
| #define PACKAGE_TARNAME "ocelot"
| #define PACKAGE_VERSION "1.0"
| #define PACKAGE_STRING "ocelot 1.0"
| #define PACKAGE_BUGREPORT ""
| #define PACKAGE_URL ""
| #define HAVE_BOOST /**/
| #define HAVE_BOOST_IOSTREAMS /**/
| #define HAVE_BOOST_SYSTEM /**/
| /* end confdefs.h.  */
| #include <pthread.h>
|                         static void routine(void *a) { a = 0; }
|                         static void *start_routine(void *a) { return a; }
| int
| main ()
| {
| pthread_t th; pthread_attr_t attr;
|                         pthread_create(&th, 0, start_routine, 0);
|                         pthread_join(th, 0);
|                         pthread_attr_init(&attr);
|                         pthread_cleanup_push(routine, 0);
|                         pthread_cleanup_pop(0) /* ; */
|   ;
|   return 0;
| }
configure:5417: result: no
configure:5320: checking whether pthreads work with -kthread
configure:5408: gcc -o conftest -g -O2 -kthread    conftest.c   >&5
gcc: error: unrecognized command line option '-kthread'; did you mean '-pthread'?
configure:5408: $? = 1
configure: failed program was:
| /* confdefs.h */
| #define PACKAGE_NAME "ocelot"
| #define PACKAGE_TARNAME "ocelot"
| #define PACKAGE_VERSION "1.0"
| #define PACKAGE_STRING "ocelot 1.0"
| #define PACKAGE_BUGREPORT ""
| #define PACKAGE_URL ""
| #define HAVE_BOOST /**/
| #define HAVE_BOOST_IOSTREAMS /**/
| #define HAVE_BOOST_SYSTEM /**/
| /* end confdefs.h.  */
| #include <pthread.h>
|                         static void routine(void *a) { a = 0; }
|                         static void *start_routine(void *a) { return a; }
| int
| main ()
| {
| pthread_t th; pthread_attr_t attr;
|                         pthread_create(&th, 0, start_routine, 0);
|                         pthread_join(th, 0);
|                         pthread_attr_init(&attr);
|                         pthread_cleanup_push(routine, 0);
|                         pthread_cleanup_pop(0) /* ; */
|   ;
|   return 0;
| }
configure:5417: result: no
configure:5370: checking for the pthreads library -llthread
configure:5408: gcc -o conftest -g -O2     conftest.c -llthread  >&5
/usr/bin/ld: cannot find -llthread
collect2: error: ld returned 1 exit status
configure:5408: $? = 1
configure: failed program was:
| /* confdefs.h */
| #define PACKAGE_NAME "ocelot"
| #define PACKAGE_TARNAME "ocelot"
| #define PACKAGE_VERSION "1.0"
| #define PACKAGE_STRING "ocelot 1.0"
| #define PACKAGE_BUGREPORT ""
| #define PACKAGE_URL ""
| #define HAVE_BOOST /**/
| #define HAVE_BOOST_IOSTREAMS /**/
| #define HAVE_BOOST_SYSTEM /**/
| /* end confdefs.h.  */
| #include <pthread.h>
|                         static void routine(void *a) { a = 0; }
|                         static void *start_routine(void *a) { return a; }
| int
| main ()
| {
| pthread_t th; pthread_attr_t attr;
|                         pthread_create(&th, 0, start_routine, 0);
|                         pthread_join(th, 0);
|                         pthread_attr_init(&attr);
|                         pthread_cleanup_push(routine, 0);
|                         pthread_cleanup_pop(0) /* ; */
|   ;
|   return 0;
| }
configure:5417: result: no
configure:5320: checking whether pthreads work with -pthread
configure:5408: gcc -o conftest -g -O2 -pthread    conftest.c   >&5
configure:5408: $? = 0
configure:5417: result: yes
configure:5436: checking for joinable pthread attribute
configure:5451: gcc -o conftest -g -O2 -pthread   conftest.c   >&5
configure:5451: $? = 0
configure:5457: result: PTHREAD_CREATE_JOINABLE
configure:5467: checking if more special flags are required for pthreads
configure:5482: result: no
configure:5488: checking for PTHREAD_PRIO_INHERIT
configure:5505: gcc -o conftest -g -O2 -pthread   conftest.c   >&5
configure:5505: $? = 0
configure:5514: result: yes
configure:5621: checking how to run the C preprocessor
configure:5652: gcc -E  conftest.c
configure:5652: $? = 0
configure:5666: gcc -E  conftest.c
conftest.c:14:10: fatal error: ac_nonexistent.h: No such file or directory
 #include <ac_nonexistent.h>
          ^~~~~~~~~~~~~~~~~~
compilation terminated.
configure:5666: $? = 1
configure: failed program was:
| /* confdefs.h */
| #define PACKAGE_NAME "ocelot"
| #define PACKAGE_TARNAME "ocelot"
| #define PACKAGE_VERSION "1.0"
| #define PACKAGE_STRING "ocelot 1.0"
| #define PACKAGE_BUGREPORT ""
| #define PACKAGE_URL ""
| #define HAVE_BOOST /**/
| #define HAVE_BOOST_IOSTREAMS /**/
| #define HAVE_BOOST_SYSTEM /**/
| #define HAVE_PTHREAD_PRIO_INHERIT 1
| #define HAVE_PTHREAD 1
| /* end confdefs.h.  */
| #include <ac_nonexistent.h>
configure:5691: result: gcc -E
configure:5711: gcc -E  conftest.c
configure:5711: $? = 0
configure:5725: gcc -E  conftest.c
conftest.c:14:10: fatal error: ac_nonexistent.h: No such file or directory
 #include <ac_nonexistent.h>
          ^~~~~~~~~~~~~~~~~~
compilation terminated.
configure:5725: $? = 1
configure: failed program was:
| /* confdefs.h */
| #define PACKAGE_NAME "ocelot"
| #define PACKAGE_TARNAME "ocelot"
| #define PACKAGE_VERSION "1.0"
| #define PACKAGE_STRING "ocelot 1.0"
| #define PACKAGE_BUGREPORT ""
| #define PACKAGE_URL ""
| #define HAVE_BOOST /**/
| #define HAVE_BOOST_IOSTREAMS /**/
| #define HAVE_BOOST_SYSTEM /**/
| #define HAVE_PTHREAD_PRIO_INHERIT 1
| #define HAVE_PTHREAD 1
| /* end confdefs.h.  */
| #include <ac_nonexistent.h>
configure:5754: checking for grep that handles long lines and -e
configure:5812: result: /bin/grep
configure:5817: checking for egrep
configure:5879: result: /bin/grep -E
configure:5908: checking for libev library location
configure:5943: result: /usr/lib/x86_64-linux-gnu/
configure:5948: checking for libev include path
configure:5981: result: /usr/include
configure:5994: checking that we can build libev programs
configure:6033: g++ -o conftest -fstack-protector-strong -g -O2  -I/usr/include  -L/usr/lib/x86_64-linux-gnu/ conftest.cpp -lev  >&5
configure:6033: $? = 0
configure:6034: result: yes
configure:6054: checking for ANSI C header files
configure:6074: gcc -c -g -O2  -I/usr/include conftest.c >&5
configure:6074: $? = 0
configure:6147: gcc -o conftest -g -O2  -I/usr/include  -L/usr/lib/x86_64-linux-gnu/ conftest.c -lev  >&5
configure:6147: $? = 0
configure:6147: ./conftest
configure:6147: $? = 0
configure:6158: result: yes
configure:6171: checking for sys/types.h
configure:6171: gcc -c -g -O2  -I/usr/include conftest.c >&5
configure:6171: $? = 0
configure:6171: result: yes
configure:6171: checking for sys/stat.h
configure:6171: gcc -c -g -O2  -I/usr/include conftest.c >&5
configure:6171: $? = 0
configure:6171: result: yes
configure:6171: checking for stdlib.h
configure:6171: gcc -c -g -O2  -I/usr/include conftest.c >&5
configure:6171: $? = 0
configure:6171: result: yes
configure:6171: checking for string.h
configure:6171: gcc -c -g -O2  -I/usr/include conftest.c >&5
configure:6171: $? = 0
configure:6171: result: yes
configure:6171: checking for memory.h
configure:6171: gcc -c -g -O2  -I/usr/include conftest.c >&5
configure:6171: $? = 0
configure:6171: result: yes
configure:6171: checking for strings.h
configure:6171: gcc -c -g -O2  -I/usr/include conftest.c >&5
configure:6171: $? = 0
configure:6171: result: yes
configure:6171: checking for inttypes.h
configure:6171: gcc -c -g -O2  -I/usr/include conftest.c >&5
configure:6171: $? = 0
configure:6171: result: yes
configure:6171: checking for stdint.h
configure:6171: gcc -c -g -O2  -I/usr/include conftest.c >&5
configure:6171: $? = 0
configure:6171: result: yes
configure:6171: checking for unistd.h
configure:6171: gcc -c -g -O2  -I/usr/include conftest.c >&5
configure:6171: $? = 0
configure:6171: result: yes
configure:6223: checking for MySQL library directory
configure:6253: result: /usr/lib/x86_64-linux-gnu/
configure:6269: checking for MySQL include directory
configure:6297: result: /usr/include/mysql
configure:6302: checking if we can link to MySQL C API library directly
configure:6317: gcc -o conftest -g -O2  -I/usr/include -I/usr/include/mysql  -L/usr/lib/x86_64-linux-gnu/ -L/usr/lib/x86_64-linux-gnu/ conftest.c -lmysqlclient -lev  >&5
configure:6317: $? = 0
configure:6318: result: yes
configure:6441: checking for MySQL++ library location
configure:6476: result: /usr/lib
configure:6481: checking for MySQL++ include path
configure:6514: result: /usr/include/mysql++
configure:6534: checking that we can build MySQL++ programs
configure:6548: g++ -o conftest -fstack-protector-strong -g -O2  -I/usr/include -I/usr/include/mysql -I/usr/include/mysql++  -L/usr/lib/x86_64-linux-gnu/ -L/usr/lib/x86_64-linux-gnu/ conftest.cpp -lmysqlpp -lmysqlclient -lev  >&5
In file included from /usr/include/mysql++/cpool.h:31:0,
                 from /usr/include/mysql++/mysql++.h:57,
                 from conftest.cpp:24:
/usr/include/mysql++/beemutex.h:64:18: warning: dynamic exception specifications are deprecated in C++11 [-Wdeprecated]
  BeecryptMutex() throw (MutexFailed);
                  ^~~~~
/usr/include/mysql++/beemutex.h:73:14: warning: dynamic exception specifications are deprecated in C++11 [-Wdeprecated]
  void lock() throw (MutexFailed);
              ^~~~~
/usr/include/mysql++/beemutex.h:77:17: warning: dynamic exception specifications are deprecated in C++11 [-Wdeprecated]
  bool trylock() throw (MutexFailed);
                 ^~~~~
/usr/include/mysql++/beemutex.h:80:16: warning: dynamic exception specifications are deprecated in C++11 [-Wdeprecated]
  void unlock() throw (MutexFailed);
                ^~~~~
In file included from /usr/include/mysql++/sql_buffer.h:31:0,
                 from /usr/include/mysql++/stadapter.h:35,
                 from /usr/include/mysql++/qparms.h:35,
                 from /usr/include/mysql++/query.h:35,
                 from /usr/include/mysql++/mysql++.h:58,
                 from conftest.cpp:24:
/usr/include/mysql++/refcounted.h: In constructor 'mysqlpp::RefCountedPointer<T, Destroyer>::RefCountedPointer(T*)':
/usr/include/mysql++/refcounted.h:104:8: warning: 'template<class> class std::auto_ptr' is deprecated [-Wdeprecated-declarations]
   std::auto_ptr<T> exception_guard(counted_);
        ^~~~~~~~
In file included from /usr/include/c++/7/memory:80:0,
                 from /usr/include/mysql++/refcounted.h:31,
                 from /usr/include/mysql++/sql_buffer.h:31,
                 from /usr/include/mysql++/stadapter.h:35,
                 from /usr/include/mysql++/qparms.h:35,
                 from /usr/include/mysql++/query.h:35,
                 from /usr/include/mysql++/mysql++.h:58,
                 from conftest.cpp:24:
/usr/include/c++/7/bits/unique_ptr.h:51:28: note: declared here
   template<typename> class auto_ptr;
                            ^~~~~~~~
In file included from /usr/include/mysql++/qparms.h:35:0,
                 from /usr/include/mysql++/query.h:35,
                 from /usr/include/mysql++/mysql++.h:58,
                 from conftest.cpp:24:
/usr/include/mysql++/stadapter.h: At global scope:
/usr/include/mysql++/stadapter.h:224:29: warning: dynamic exception specifications are deprecated in C++11 [-Wdeprecated]
  char at(size_type i) const throw(std::out_of_range);
                             ^~~~~
configure:6548: $? = 0
configure:6549: result: yes
configure:6576: checking for tc_free in -ltcmalloc
configure:6601: gcc -o conftest -g -O2  -I/usr/include -I/usr/include/mysql -I/usr/include/mysql++  -L/usr/lib/x86_64-linux-gnu/ -L/usr/lib/x86_64-linux-gnu/ conftest.c -ltcmalloc  -lmysqlpp -lmysqlclient -lev  >&5
/usr/bin/ld: cannot find -ltcmalloc
collect2: error: ld returned 1 exit status
configure:6601: $? = 1
configure: failed program was:
| /* confdefs.h */
| #define PACKAGE_NAME "ocelot"
| #define PACKAGE_TARNAME "ocelot"
| #define PACKAGE_VERSION "1.0"
| #define PACKAGE_STRING "ocelot 1.0"
| #define PACKAGE_BUGREPORT ""
| #define PACKAGE_URL ""
| #define HAVE_BOOST /**/
| #define HAVE_BOOST_IOSTREAMS /**/
| #define HAVE_BOOST_SYSTEM /**/
| #define HAVE_PTHREAD_PRIO_INHERIT 1
| #define HAVE_PTHREAD 1
| #define STDC_HEADERS 1
| #define HAVE_SYS_TYPES_H 1
| #define HAVE_SYS_STAT_H 1
| #define HAVE_STDLIB_H 1
| #define HAVE_STRING_H 1
| #define HAVE_MEMORY_H 1
| #define HAVE_STRINGS_H 1
| #define HAVE_INTTYPES_H 1
| #define HAVE_STDINT_H 1
| #define HAVE_UNISTD_H 1
| /* end confdefs.h.  */
| 
| /* Override any GCC internal prototype to avoid an error.
|    Use char because int might match the return type of a GCC
|    builtin and then its argument prototype would still apply.  */
| #ifdef __cplusplus
| extern "C"
| #endif
| char tc_free ();
| int
| main ()
| {
| return tc_free ();
|   ;
|   return 0;
| }
configure:6610: result: no
configure:6770: checking that generated files are newer than configure
configure:6776: result: done
configure:6803: creating ./config.status

## ---------------- ##
## Cache variables. ##
## ---------------- ##

ac_cv_build=x86_64-unknown-linux-gnu
ac_cv_c_compiler_gnu=yes
ac_cv_cxx_compiler_gnu=yes
ac_cv_env_CCC_set=
ac_cv_env_CCC_value=
ac_cv_env_CC_set=
ac_cv_env_CC_value=
ac_cv_env_CFLAGS_set=
ac_cv_env_CFLAGS_value=
ac_cv_env_CPPFLAGS_set=
ac_cv_env_CPPFLAGS_value=
ac_cv_env_CPP_set=
ac_cv_env_CPP_value=
ac_cv_env_CXXFLAGS_set=
ac_cv_env_CXXFLAGS_value=
ac_cv_env_CXX_set=
ac_cv_env_CXX_value=
ac_cv_env_LDFLAGS_set=
ac_cv_env_LDFLAGS_value=
ac_cv_env_LIBS_set=
ac_cv_env_LIBS_value=
ac_cv_env_build_alias_set=
ac_cv_env_build_alias_value=
ac_cv_env_host_alias_set=
ac_cv_env_host_alias_value=
ac_cv_env_target_alias_set=
ac_cv_env_target_alias_value=
ac_cv_ev_inc=/usr/include
ac_cv_ev_lib=/usr/lib/x86_64-linux-gnu/
ac_cv_header_inttypes_h=yes
ac_cv_header_memory_h=yes
ac_cv_header_stdc=yes
ac_cv_header_stdint_h=yes
ac_cv_header_stdlib_h=yes
ac_cv_header_string_h=yes
ac_cv_header_strings_h=yes
ac_cv_header_sys_stat_h=yes
ac_cv_header_sys_types_h=yes
ac_cv_header_unistd_h=yes
ac_cv_host=x86_64-unknown-linux-gnu
ac_cv_lib_boost_iostreams___exit=yes
ac_cv_lib_boost_system___exit=yes
ac_cv_lib_tcmalloc_tc_free=no
ac_cv_mysqlpp_inc=/usr/include/mysql++
ac_cv_mysqlpp_lib=/usr/lib
ac_cv_objext=o
ac_cv_path_EGREP='/bin/grep -E'
ac_cv_path_GREP=/bin/grep
ac_cv_path_install='/usr/bin/install -c'
ac_cv_path_mkdir=/bin/mkdir
ac_cv_prog_AWK=gawk
ac_cv_prog_CPP='gcc -E'
ac_cv_prog_ac_ct_CC=gcc
ac_cv_prog_ac_ct_CXX=g++
ac_cv_prog_cc_c89=
ac_cv_prog_cc_g=yes
ac_cv_prog_cxx_g=yes
ac_cv_prog_make_make_set=yes
am_cv_CC_dependencies_compiler_type=gcc3
am_cv_CXX_dependencies_compiler_type=gcc3
am_cv_make_support_nested_variables=yes
am_cv_prog_cc_c_o=yes
ax_cv_PTHREAD_PRIO_INHERIT=yes
ax_cv_boost_iostreams=yes
ax_cv_boost_system=yes
ax_cv_check_cxxflags___fstack_protector_strong=yes
ax_cv_check_cxxflags___std_cpp11=yes

## ----------------- ##
## Output variables. ##
## ----------------- ##

ACLOCAL='${SHELL} /var/www/ocelot/newest/missing aclocal-1.15'
AMDEPBACKSLASH='\'
AMDEP_FALSE='#'
AMDEP_TRUE=''
AMTAR='$${TAR-tar}'
AM_BACKSLASH='\'
AM_DEFAULT_V='$(AM_DEFAULT_VERBOSITY)'
AM_DEFAULT_VERBOSITY='1'
AM_V='$(V)'
AUTOCONF='${SHELL} /var/www/ocelot/newest/missing autoconf'
AUTOHEADER='${SHELL} /var/www/ocelot/newest/missing autoheader'
AUTOMAKE='${SHELL} /var/www/ocelot/newest/missing automake-1.15'
AWK='gawk'
BOOST_CPPFLAGS='-I/usr/include'
BOOST_IOSTREAMS_LIB='-lboost_iostreams'
BOOST_LDFLAGS='-L/usr/lib/x86_64-linux-gnu/'
BOOST_SYSTEM_LIB='-lboost_system'
CC='gcc'
CCDEPMODE='depmode=gcc3'
CFLAGS='-g -O2'
CPP='gcc -E'
CPPFLAGS=' -I/usr/include -I/usr/include/mysql -I/usr/include/mysql++'
CXX='g++'
CXXDEPMODE='depmode=gcc3'
CXXFLAGS='-fstack-protector-strong -g -O2'
CYGPATH_W='echo'
DEFS='-DPACKAGE_NAME=\"ocelot\" -DPACKAGE_TARNAME=\"ocelot\" -DPACKAGE_VERSION=\"1.0\" -DPACKAGE_STRING=\"ocelot\ 1.0\" -DPACKAGE_BUGREPORT=\"\" -DPACKAGE_URL=\"\" -DHAVE_BOOST=/\*\*/ -DHAVE_BOOST_IOSTREAMS=/\*\*/ -DHAVE_BOOST_SYSTEM=/\*\*/ -DHAVE_PTHREAD_PRIO_INHERIT=1 -DHAVE_PTHREAD=1 -DSTDC_HEADERS=1 -DHAVE_SYS_TYPES_H=1 -DHAVE_SYS_STAT_H=1 -DHAVE_STDLIB_H=1 -DHAVE_STRING_H=1 -DHAVE_MEMORY_H=1 -DHAVE_STRINGS_H=1 -DHAVE_INTTYPES_H=1 -DHAVE_STDINT_H=1 -DHAVE_UNISTD_H=1'
DEPDIR='.deps'
ECHO_C=''
ECHO_N='-n'
ECHO_T=''
EGREP='/bin/grep -E'
EV_INC_DIR='/usr/include'
EV_LIB_DIR='/usr/lib/x86_64-linux-gnu/'
EXEEXT=''
GREP='/bin/grep'
INSTALL_DATA='${INSTALL} -m 644'
INSTALL_PROGRAM='${INSTALL}'
INSTALL_SCRIPT='${INSTALL}'
INSTALL_STRIP_PROGRAM='$(install_sh) -c -s'
LDFLAGS=' -L/usr/lib/x86_64-linux-gnu/ -L/usr/lib/x86_64-linux-gnu/'
LIBOBJS=''
LIBS='-lmysqlpp -lmysqlclient -lev '
LTLIBOBJS=''
MAKEINFO='${SHELL} /var/www/ocelot/newest/missing makeinfo'
MKDIR_P='/bin/mkdir -p'
MYSQLPP_INC_DIR='/usr/include/mysql++'
MYSQLPP_LIB_DIR='/usr/lib'
MYSQL_C_INC_DIR='/usr/include/mysql'
MYSQL_C_LIB_DIR='/usr/lib/x86_64-linux-gnu/'
MYSQL_C_LIB_NAME='mysqlclient'
OBJEXT='o'
PACKAGE='ocelot'
PACKAGE_BUGREPORT=''
PACKAGE_NAME='ocelot'
PACKAGE_STRING='ocelot 1.0'
PACKAGE_TARNAME='ocelot'
PACKAGE_URL=''
PACKAGE_VERSION='1.0'
PATH_SEPARATOR=':'
PTHREAD_CC='gcc'
PTHREAD_CFLAGS='-pthread'
PTHREAD_LIBS=''
SET_MAKE=''
SHELL='/bin/bash'
STRIP=''
VERSION='1.0'
ac_ct_CC='gcc'
ac_ct_CXX='g++'
am__EXEEXT_FALSE=''
am__EXEEXT_TRUE='#'
am__fastdepCC_FALSE='#'
am__fastdepCC_TRUE=''
am__fastdepCXX_FALSE='#'
am__fastdepCXX_TRUE=''
am__include='include'
am__isrc=''
am__leading_dot='.'
am__nodep='_no'
am__quote=''
am__tar='$${TAR-tar} chof - "$$tardir"'
am__untar='$${TAR-tar} xf -'
ax_pthread_config=''
bindir='${exec_prefix}/bin'
build='x86_64-unknown-linux-gnu'
build_alias=''
build_cpu='x86_64'
build_os='linux-gnu'
build_vendor='unknown'
datadir='${datarootdir}'
datarootdir='${prefix}/share'
docdir='${datarootdir}/doc/${PACKAGE_TARNAME}'
dvidir='${docdir}'
exec_prefix='${prefix}'
host='x86_64-unknown-linux-gnu'
host_alias=''
host_cpu='x86_64'
host_os='linux-gnu'
host_vendor='unknown'
htmldir='${docdir}'
includedir='${prefix}/include'
infodir='${datarootdir}/info'
install_sh='${SHELL} /var/www/ocelot/newest/install-sh'
libdir='${exec_prefix}/lib'
libexecdir='${exec_prefix}/libexec'
localedir='${datarootdir}/locale'
localstatedir='${prefix}/var'
mandir='${datarootdir}/man'
mkdir_p='$(MKDIR_P)'
oldincludedir='/usr/include'
pdfdir='${docdir}'
prefix='/usr/local'
program_transform_name='s,x,x,'
psdir='${docdir}'
runstatedir='${localstatedir}/run'
sbindir='${exec_prefix}/sbin'
sharedstatedir='${prefix}/com'
sysconfdir='${prefix}/etc'
target_alias=''

## ----------- ##
## confdefs.h. ##
## ----------- ##

/* confdefs.h */
#define PACKAGE_NAME "ocelot"
#define PACKAGE_TARNAME "ocelot"
#define PACKAGE_VERSION "1.0"
#define PACKAGE_STRING "ocelot 1.0"
#define PACKAGE_BUGREPORT ""
#define PACKAGE_URL ""
#define HAVE_BOOST /**/
#define HAVE_BOOST_IOSTREAMS /**/
#define HAVE_BOOST_SYSTEM /**/
#define HAVE_PTHREAD_PRIO_INHERIT 1
#define HAVE_PTHREAD 1
#define STDC_HEADERS 1
#define HAVE_SYS_TYPES_H 1
#define HAVE_SYS_STAT_H 1
#define HAVE_STDLIB_H 1
#define HAVE_STRING_H 1
#define HAVE_MEMORY_H 1
#define HAVE_STRINGS_H 1
#define HAVE_INTTYPES_H 1
#define HAVE_STDINT_H 1
#define HAVE_UNISTD_H 1

configure: exit 0

## ---------------------- ##
## Running config.status. ##
## ---------------------- ##

This file was extended by ocelot config.status 1.0, which was
generated by GNU Autoconf 2.69.  Invocation command line was

  CONFIG_FILES    = 
  CONFIG_HEADERS  = 
  CONFIG_LINKS    = 
  CONFIG_COMMANDS = 
  $ ./config.status 

on u-232.dev

config.status:807: creating Makefile
config.status:979: executing depfiles commands
